{"D:\\capst\\backend\\middleware\\verifyToken.js": {"path":"D:\\capst\\backend\\middleware\\verifyToken.js","statementMap":{"0":{"start":{"line":1,"column":12},"end":{"line":1,"column":35}},"1":{"start":{"line":2,"column":19},"end":{"line":2,"column":31}},"2":{"start":{"line":4,"column":20},"end":{"line":18,"column":1}},"3":{"start":{"line":5,"column":16},"end":{"line":5,"column":67}},"4":{"start":{"line":7,"column":2},"end":{"line":9,"column":3}},"5":{"start":{"line":8,"column":4},"end":{"line":8,"column":83}},"6":{"start":{"line":11,"column":2},"end":{"line":17,"column":3}},"7":{"start":{"line":12,"column":20},"end":{"line":12,"column":49}},"8":{"start":{"line":13,"column":4},"end":{"line":13,"column":23}},"9":{"start":{"line":14,"column":4},"end":{"line":14,"column":11}},"10":{"start":{"line":16,"column":4},"end":{"line":16,"column":87}},"11":{"start":{"line":20,"column":0},"end":{"line":20,"column":29}}},"fnMap":{"0":{"name":"(anonymous_0)","decl":{"start":{"line":4,"column":20},"end":{"line":4,"column":21}},"loc":{"start":{"line":4,"column":40},"end":{"line":18,"column":1}},"line":4}},"branchMap":{"0":{"loc":{"start":{"line":7,"column":2},"end":{"line":9,"column":3}},"type":"if","locations":[{"start":{"line":7,"column":2},"end":{"line":9,"column":3}},{"start":{},"end":{}}],"line":7}},"s":{"0":2,"1":2,"2":2,"3":5,"4":5,"5":2,"6":3,"7":3,"8":1,"9":1,"10":2,"11":2},"f":{"0":5},"b":{"0":[2,3]},"_coverageSchema":"1a1c01bbd47fc00a2c39e90264f33305004495a9","hash":"edc0133957ccf1d2b8776b252de22575addb7ee0"}
,"D:\\capst\\backend\\routes\\predict.js": {"path":"D:\\capst\\backend\\routes\\predict.js","statementMap":{"0":{"start":{"line":1,"column":20},"end":{"line":1,"column":56}},"1":{"start":{"line":2,"column":16},"end":{"line":2,"column":34}},"2":{"start":{"line":3,"column":15},"end":{"line":3,"column":31}},"3":{"start":{"line":4,"column":24},"end":{"line":4,"column":47}},"4":{"start":{"line":5,"column":13},"end":{"line":5,"column":28}},"5":{"start":{"line":6,"column":25},"end":{"line":6,"column":50}},"6":{"start":{"line":7,"column":15},"end":{"line":7,"column":33}},"7":{"start":{"line":9,"column":0},"end":{"line":149,"column":3}},"8":{"start":{"line":10,"column":16},"end":{"line":10,"column":24}},"9":{"start":{"line":12,"column":2},"end":{"line":12,"column":40}},"10":{"start":{"line":15,"column":2},"end":{"line":17,"column":3}},"11":{"start":{"line":16,"column":4},"end":{"line":16,"column":76}},"12":{"start":{"line":20,"column":25},"end":{"line":33,"column":3}},"13":{"start":{"line":35,"column":24},"end":{"line":35,"column":73}},"14":{"start":{"line":35,"column":55},"end":{"line":35,"column":72}},"15":{"start":{"line":36,"column":2},"end":{"line":41,"column":3}},"16":{"start":{"line":37,"column":4},"end":{"line":40,"column":7}},"17":{"start":{"line":44,"column":2},"end":{"line":46,"column":3}},"18":{"start":{"line":45,"column":4},"end":{"line":45,"column":88}},"19":{"start":{"line":49,"column":22},"end":{"line":49,"column":120}},"20":{"start":{"line":50,"column":2},"end":{"line":54,"column":3}},"21":{"start":{"line":51,"column":4},"end":{"line":53,"column":5}},"22":{"start":{"line":52,"column":6},"end":{"line":52,"column":81}},"23":{"start":{"line":57,"column":22},"end":{"line":57,"column":85}},"24":{"start":{"line":58,"column":22},"end":{"line":58,"column":86}},"25":{"start":{"line":59,"column":2},"end":{"line":63,"column":3}},"26":{"start":{"line":60,"column":4},"end":{"line":62,"column":5}},"27":{"start":{"line":61,"column":6},"end":{"line":61,"column":106}},"28":{"start":{"line":66,"column":21},"end":{"line":66,"column":61}},"29":{"start":{"line":67,"column":2},"end":{"line":69,"column":3}},"30":{"start":{"line":68,"column":4},"end":{"line":68,"column":98}},"31":{"start":{"line":71,"column":18},"end":{"line":76,"column":3}},"32":{"start":{"line":78,"column":2},"end":{"line":78,"column":64}},"33":{"start":{"line":80,"column":2},"end":{"line":148,"column":7}},"34":{"start":{"line":82,"column":6},"end":{"line":82,"column":49}},"35":{"start":{"line":84,"column":6},"end":{"line":86,"column":7}},"36":{"start":{"line":85,"column":8},"end":{"line":85,"column":86}},"37":{"start":{"line":89,"column":24},"end":{"line":89,"column":28}},"38":{"start":{"line":92,"column":6},"end":{"line":113,"column":7}},"39":{"start":{"line":92,"column":19},"end":{"line":92,"column":37}},"40":{"start":{"line":93,"column":21},"end":{"line":93,"column":38}},"41":{"start":{"line":94,"column":8},"end":{"line":94,"column":51}},"42":{"start":{"line":96,"column":8},"end":{"line":112,"column":9}},"43":{"start":{"line":97,"column":10},"end":{"line":111,"column":11}},"44":{"start":{"line":99,"column":31},"end":{"line":99,"column":75}},"45":{"start":{"line":100,"column":12},"end":{"line":100,"column":67}},"46":{"start":{"line":102,"column":27},"end":{"line":102,"column":49}},"47":{"start":{"line":103,"column":12},"end":{"line":103,"column":55}},"48":{"start":{"line":105,"column":12},"end":{"line":108,"column":13}},"49":{"start":{"line":106,"column":14},"end":{"line":106,"column":35}},"50":{"start":{"line":107,"column":14},"end":{"line":107,"column":20}},"51":{"start":{"line":110,"column":12},"end":{"line":110,"column":77}},"52":{"start":{"line":115,"column":6},"end":{"line":139,"column":7}},"53":{"start":{"line":117,"column":33},"end":{"line":120,"column":11}},"54":{"start":{"line":117,"column":79},"end":{"line":120,"column":9}},"55":{"start":{"line":122,"column":8},"end":{"line":122,"column":76}},"56":{"start":{"line":125,"column":8},"end":{"line":131,"column":11}},"57":{"start":{"line":133,"column":8},"end":{"line":133,"column":74}},"58":{"start":{"line":134,"column":8},"end":{"line":138,"column":11}},"59":{"start":{"line":142,"column":6},"end":{"line":142,"column":47}},"60":{"start":{"line":143,"column":6},"end":{"line":147,"column":9}},"61":{"start":{"line":152,"column":0},"end":{"line":277,"column":3}},"62":{"start":{"line":153,"column":47},"end":{"line":153,"column":55}},"63":{"start":{"line":155,"column":2},"end":{"line":159,"column":5}},"64":{"start":{"line":161,"column":2},"end":{"line":161,"column":43}},"65":{"start":{"line":162,"column":2},"end":{"line":162,"column":59}},"66":{"start":{"line":164,"column":2},"end":{"line":167,"column":3}},"67":{"start":{"line":165,"column":4},"end":{"line":165,"column":122}},"68":{"start":{"line":166,"column":4},"end":{"line":166,"column":65}},"69":{"start":{"line":170,"column":2},"end":{"line":173,"column":3}},"70":{"start":{"line":171,"column":4},"end":{"line":171,"column":142}},"71":{"start":{"line":172,"column":4},"end":{"line":172,"column":99}},"72":{"start":{"line":175,"column":2},"end":{"line":276,"column":3}},"73":{"start":{"line":176,"column":19},"end":{"line":259,"column":6}},"74":{"start":{"line":178,"column":22},"end":{"line":182,"column":8}},"75":{"start":{"line":183,"column":6},"end":{"line":183,"column":57}},"76":{"start":{"line":186,"column":6},"end":{"line":215,"column":7}},"77":{"start":{"line":187,"column":8},"end":{"line":187,"column":65}},"78":{"start":{"line":189,"column":30},"end":{"line":210,"column":9}},"79":{"start":{"line":191,"column":12},"end":{"line":194,"column":13}},"80":{"start":{"line":192,"column":14},"end":{"line":192,"column":68}},"81":{"start":{"line":193,"column":14},"end":{"line":193,"column":76}},"82":{"start":{"line":196,"column":12},"end":{"line":196,"column":108}},"83":{"start":{"line":198,"column":32},"end":{"line":205,"column":14}},"84":{"start":{"line":207,"column":12},"end":{"line":207,"column":80}},"85":{"start":{"line":208,"column":12},"end":{"line":208,"column":31}},"86":{"start":{"line":212,"column":8},"end":{"line":212,"column":81}},"87":{"start":{"line":214,"column":8},"end":{"line":214,"column":59}},"88":{"start":{"line":218,"column":6},"end":{"line":256,"column":7}},"89":{"start":{"line":219,"column":8},"end":{"line":219,"column":77}},"90":{"start":{"line":221,"column":29},"end":{"line":247,"column":9}},"91":{"start":{"line":223,"column":12},"end":{"line":226,"column":13}},"92":{"start":{"line":224,"column":14},"end":{"line":224,"column":75}},"93":{"start":{"line":225,"column":14},"end":{"line":225,"column":80}},"94":{"start":{"line":228,"column":26},"end":{"line":231,"column":14}},"95":{"start":{"line":233,"column":12},"end":{"line":236,"column":13}},"96":{"start":{"line":234,"column":14},"end":{"line":234,"column":71}},"97":{"start":{"line":235,"column":14},"end":{"line":235,"column":74}},"98":{"start":{"line":238,"column":12},"end":{"line":238,"column":134}},"99":{"start":{"line":240,"column":12},"end":{"line":245,"column":14}},"100":{"start":{"line":249,"column":37},"end":{"line":251,"column":10}},"101":{"start":{"line":253,"column":8},"end":{"line":253,"column":85}},"102":{"start":{"line":255,"column":8},"end":{"line":255,"column":63}},"103":{"start":{"line":258,"column":6},"end":{"line":258,"column":21}},"104":{"start":{"line":261,"column":4},"end":{"line":261,"column":81}},"105":{"start":{"line":263,"column":4},"end":{"line":267,"column":7}},"106":{"start":{"line":270,"column":4},"end":{"line":270,"column":47}},"107":{"start":{"line":271,"column":4},"end":{"line":275,"column":7}},"108":{"start":{"line":280,"column":0},"end":{"line":311,"column":3}},"109":{"start":{"line":281,"column":24},"end":{"line":281,"column":34}},"110":{"start":{"line":283,"column":2},"end":{"line":310,"column":3}},"111":{"start":{"line":284,"column":18},"end":{"line":291,"column":6}},"112":{"start":{"line":293,"column":4},"end":{"line":298,"column":5}},"113":{"start":{"line":294,"column":6},"end":{"line":297,"column":9}},"114":{"start":{"line":300,"column":4},"end":{"line":303,"column":7}},"115":{"start":{"line":305,"column":4},"end":{"line":305,"column":57}},"116":{"start":{"line":306,"column":4},"end":{"line":309,"column":7}},"117":{"start":{"line":313,"column":0},"end":{"line":329,"column":3}},"118":{"start":{"line":314,"column":2},"end":{"line":328,"column":3}},"119":{"start":{"line":315,"column":19},"end":{"line":317,"column":6}},"120":{"start":{"line":318,"column":4},"end":{"line":321,"column":7}},"121":{"start":{"line":323,"column":4},"end":{"line":323,"column":51}},"122":{"start":{"line":324,"column":4},"end":{"line":327,"column":7}},"123":{"start":{"line":331,"column":0},"end":{"line":431,"column":3}},"124":{"start":{"line":332,"column":17},"end":{"line":332,"column":42}},"125":{"start":{"line":334,"column":2},"end":{"line":334,"column":57}},"126":{"start":{"line":337,"column":2},"end":{"line":342,"column":3}},"127":{"start":{"line":338,"column":4},"end":{"line":341,"column":7}},"128":{"start":{"line":344,"column":2},"end":{"line":430,"column":3}},"129":{"start":{"line":346,"column":24},"end":{"line":348,"column":6}},"130":{"start":{"line":349,"column":4},"end":{"line":349,"column":62}},"131":{"start":{"line":351,"column":21},"end":{"line":377,"column":6}},"132":{"start":{"line":379,"column":4},"end":{"line":379,"column":75}},"133":{"start":{"line":382,"column":4},"end":{"line":391,"column":7}},"134":{"start":{"line":383,"column":6},"end":{"line":390,"column":9}},"135":{"start":{"line":394,"column":30},"end":{"line":409,"column":7}},"136":{"start":{"line":394,"column":55},"end":{"line":409,"column":5}},"137":{"start":{"line":400,"column":59},"end":{"line":408,"column":7}},"138":{"start":{"line":411,"column":4},"end":{"line":415,"column":9}},"139":{"start":{"line":411,"column":78},"end":{"line":415,"column":5}},"140":{"start":{"line":417,"column":4},"end":{"line":421,"column":7}},"141":{"start":{"line":424,"column":4},"end":{"line":424,"column":54}},"142":{"start":{"line":425,"column":4},"end":{"line":429,"column":7}},"143":{"start":{"line":434,"column":0},"end":{"line":484,"column":3}},"144":{"start":{"line":435,"column":20},"end":{"line":435,"column":48}},"145":{"start":{"line":437,"column":2},"end":{"line":442,"column":3}},"146":{"start":{"line":438,"column":4},"end":{"line":441,"column":7}},"147":{"start":{"line":444,"column":2},"end":{"line":483,"column":3}},"148":{"start":{"line":445,"column":20},"end":{"line":462,"column":6}},"149":{"start":{"line":464,"column":4},"end":{"line":469,"column":5}},"150":{"start":{"line":465,"column":6},"end":{"line":468,"column":9}},"151":{"start":{"line":471,"column":4},"end":{"line":474,"column":7}},"152":{"start":{"line":477,"column":4},"end":{"line":477,"column":59}},"153":{"start":{"line":478,"column":4},"end":{"line":482,"column":7}},"154":{"start":{"line":487,"column":0},"end":{"line":549,"column":3}},"155":{"start":{"line":488,"column":20},"end":{"line":488,"column":48}},"156":{"start":{"line":490,"column":2},"end":{"line":490,"column":69}},"157":{"start":{"line":492,"column":2},"end":{"line":497,"column":3}},"158":{"start":{"line":493,"column":4},"end":{"line":496,"column":7}},"159":{"start":{"line":499,"column":2},"end":{"line":548,"column":3}},"160":{"start":{"line":501,"column":28},"end":{"line":503,"column":6}},"161":{"start":{"line":505,"column":4},"end":{"line":510,"column":5}},"162":{"start":{"line":506,"column":6},"end":{"line":509,"column":9}},"163":{"start":{"line":512,"column":4},"end":{"line":512,"column":79}},"164":{"start":{"line":514,"column":4},"end":{"line":532,"column":7}},"165":{"start":{"line":516,"column":37},"end":{"line":518,"column":8}},"166":{"start":{"line":519,"column":6},"end":{"line":519,"column":78}},"167":{"start":{"line":522,"column":29},"end":{"line":524,"column":8}},"168":{"start":{"line":525,"column":6},"end":{"line":525,"column":62}},"169":{"start":{"line":528,"column":29},"end":{"line":530,"column":8}},"170":{"start":{"line":531,"column":6},"end":{"line":531,"column":59}},"171":{"start":{"line":534,"column":4},"end":{"line":534,"column":62}},"172":{"start":{"line":536,"column":4},"end":{"line":539,"column":7}},"173":{"start":{"line":542,"column":4},"end":{"line":542,"column":54}},"174":{"start":{"line":543,"column":4},"end":{"line":547,"column":7}},"175":{"start":{"line":552,"column":0},"end":{"line":614,"column":3}},"176":{"start":{"line":553,"column":20},"end":{"line":553,"column":48}},"177":{"start":{"line":555,"column":2},"end":{"line":555,"column":78}},"178":{"start":{"line":557,"column":2},"end":{"line":562,"column":3}},"179":{"start":{"line":558,"column":4},"end":{"line":561,"column":7}},"180":{"start":{"line":564,"column":2},"end":{"line":613,"column":3}},"181":{"start":{"line":566,"column":28},"end":{"line":568,"column":6}},"182":{"start":{"line":570,"column":4},"end":{"line":575,"column":5}},"183":{"start":{"line":571,"column":6},"end":{"line":574,"column":9}},"184":{"start":{"line":577,"column":4},"end":{"line":577,"column":79}},"185":{"start":{"line":579,"column":4},"end":{"line":597,"column":7}},"186":{"start":{"line":581,"column":37},"end":{"line":583,"column":8}},"187":{"start":{"line":584,"column":6},"end":{"line":584,"column":78}},"188":{"start":{"line":587,"column":29},"end":{"line":589,"column":8}},"189":{"start":{"line":590,"column":6},"end":{"line":590,"column":62}},"190":{"start":{"line":593,"column":29},"end":{"line":595,"column":8}},"191":{"start":{"line":596,"column":6},"end":{"line":596,"column":59}},"192":{"start":{"line":599,"column":4},"end":{"line":599,"column":62}},"193":{"start":{"line":601,"column":4},"end":{"line":604,"column":7}},"194":{"start":{"line":607,"column":4},"end":{"line":607,"column":54}},"195":{"start":{"line":608,"column":4},"end":{"line":612,"column":7}},"196":{"start":{"line":616,"column":0},"end":{"line":616,"column":24}}},"fnMap":{"0":{"name":"(anonymous_0)","decl":{"start":{"line":9,"column":17},"end":{"line":9,"column":18}},"loc":{"start":{"line":9,"column":31},"end":{"line":149,"column":1}},"line":9},"1":{"name":"(anonymous_1)","decl":{"start":{"line":35,"column":46},"end":{"line":35,"column":47}},"loc":{"start":{"line":35,"column":55},"end":{"line":35,"column":72}},"line":35},"2":{"name":"(anonymous_2)","decl":{"start":{"line":81,"column":10},"end":{"line":81,"column":11}},"loc":{"start":{"line":81,"column":23},"end":{"line":140,"column":5}},"line":81},"3":{"name":"(anonymous_3)","decl":{"start":{"line":117,"column":54},"end":{"line":117,"column":55}},"loc":{"start":{"line":117,"column":79},"end":{"line":120,"column":9}},"line":117},"4":{"name":"(anonymous_4)","decl":{"start":{"line":141,"column":11},"end":{"line":141,"column":12}},"loc":{"start":{"line":141,"column":20},"end":{"line":148,"column":5}},"line":141},"5":{"name":"(anonymous_5)","decl":{"start":{"line":152,"column":41},"end":{"line":152,"column":42}},"loc":{"start":{"line":152,"column":61},"end":{"line":277,"column":1}},"line":152},"6":{"name":"(anonymous_6)","decl":{"start":{"line":176,"column":45},"end":{"line":176,"column":46}},"loc":{"start":{"line":176,"column":59},"end":{"line":259,"column":5}},"line":176},"7":{"name":"(anonymous_7)","decl":{"start":{"line":190,"column":22},"end":{"line":190,"column":23}},"loc":{"start":{"line":190,"column":45},"end":{"line":209,"column":11}},"line":190},"8":{"name":"(anonymous_8)","decl":{"start":{"line":222,"column":30},"end":{"line":222,"column":31}},"loc":{"start":{"line":222,"column":52},"end":{"line":246,"column":11}},"line":222},"9":{"name":"(anonymous_9)","decl":{"start":{"line":280,"column":32},"end":{"line":280,"column":33}},"loc":{"start":{"line":280,"column":52},"end":{"line":311,"column":1}},"line":280},"10":{"name":"(anonymous_10)","decl":{"start":{"line":313,"column":21},"end":{"line":313,"column":22}},"loc":{"start":{"line":313,"column":41},"end":{"line":329,"column":1}},"line":313},"11":{"name":"(anonymous_11)","decl":{"start":{"line":331,"column":44},"end":{"line":331,"column":45}},"loc":{"start":{"line":331,"column":64},"end":{"line":431,"column":1}},"line":331},"12":{"name":"(anonymous_12)","decl":{"start":{"line":382,"column":21},"end":{"line":382,"column":22}},"loc":{"start":{"line":382,"column":41},"end":{"line":391,"column":5}},"line":382},"13":{"name":"(anonymous_13)","decl":{"start":{"line":394,"column":43},"end":{"line":394,"column":44}},"loc":{"start":{"line":394,"column":55},"end":{"line":409,"column":5}},"line":394},"14":{"name":"(anonymous_14)","decl":{"start":{"line":400,"column":51},"end":{"line":400,"column":52}},"loc":{"start":{"line":400,"column":59},"end":{"line":408,"column":7}},"line":400},"15":{"name":"(anonymous_15)","decl":{"start":{"line":411,"column":72},"end":{"line":411,"column":73}},"loc":{"start":{"line":411,"column":78},"end":{"line":415,"column":5}},"line":411},"16":{"name":"(anonymous_16)","decl":{"start":{"line":434,"column":47},"end":{"line":434,"column":48}},"loc":{"start":{"line":434,"column":67},"end":{"line":484,"column":1}},"line":434},"17":{"name":"(anonymous_17)","decl":{"start":{"line":487,"column":50},"end":{"line":487,"column":51}},"loc":{"start":{"line":487,"column":70},"end":{"line":549,"column":1}},"line":487},"18":{"name":"(anonymous_18)","decl":{"start":{"line":514,"column":30},"end":{"line":514,"column":31}},"loc":{"start":{"line":514,"column":44},"end":{"line":532,"column":5}},"line":514},"19":{"name":"(anonymous_19)","decl":{"start":{"line":552,"column":50},"end":{"line":552,"column":51}},"loc":{"start":{"line":552,"column":70},"end":{"line":614,"column":1}},"line":552},"20":{"name":"(anonymous_20)","decl":{"start":{"line":579,"column":30},"end":{"line":579,"column":31}},"loc":{"start":{"line":579,"column":44},"end":{"line":597,"column":5}},"line":579}},"branchMap":{"0":{"loc":{"start":{"line":15,"column":2},"end":{"line":17,"column":3}},"type":"if","locations":[{"start":{"line":15,"column":2},"end":{"line":17,"column":3}},{"start":{},"end":{}}],"line":15},"1":{"loc":{"start":{"line":15,"column":6},"end":{"line":15,"column":47}},"type":"binary-expr","locations":[{"start":{"line":15,"column":6},"end":{"line":15,"column":12}},{"start":{"line":15,"column":16},"end":{"line":15,"column":47}}],"line":15},"2":{"loc":{"start":{"line":36,"column":2},"end":{"line":41,"column":3}},"type":"if","locations":[{"start":{"line":36,"column":2},"end":{"line":41,"column":3}},{"start":{},"end":{}}],"line":36},"3":{"loc":{"start":{"line":44,"column":2},"end":{"line":46,"column":3}},"type":"if","locations":[{"start":{"line":44,"column":2},"end":{"line":46,"column":3}},{"start":{},"end":{}}],"line":44},"4":{"loc":{"start":{"line":51,"column":4},"end":{"line":53,"column":5}},"type":"if","locations":[{"start":{"line":51,"column":4},"end":{"line":53,"column":5}},{"start":{},"end":{}}],"line":51},"5":{"loc":{"start":{"line":60,"column":4},"end":{"line":62,"column":5}},"type":"if","locations":[{"start":{"line":60,"column":4},"end":{"line":62,"column":5}},{"start":{},"end":{}}],"line":60},"6":{"loc":{"start":{"line":67,"column":2},"end":{"line":69,"column":3}},"type":"if","locations":[{"start":{"line":67,"column":2},"end":{"line":69,"column":3}},{"start":{},"end":{}}],"line":67},"7":{"loc":{"start":{"line":67,"column":6},"end":{"line":67,"column":61}},"type":"binary-expr","locations":[{"start":{"line":67,"column":6},"end":{"line":67,"column":23}},{"start":{"line":67,"column":27},"end":{"line":67,"column":41}},{"start":{"line":67,"column":45},"end":{"line":67,"column":61}}],"line":67},"8":{"loc":{"start":{"line":84,"column":6},"end":{"line":86,"column":7}},"type":"if","locations":[{"start":{"line":84,"column":6},"end":{"line":86,"column":7}},{"start":{},"end":{}}],"line":84},"9":{"loc":{"start":{"line":84,"column":10},"end":{"line":84,"column":42}},"type":"binary-expr","locations":[{"start":{"line":84,"column":10},"end":{"line":84,"column":18}},{"start":{"line":84,"column":22},"end":{"line":84,"column":42}}],"line":84},"10":{"loc":{"start":{"line":96,"column":8},"end":{"line":112,"column":9}},"type":"if","locations":[{"start":{"line":96,"column":8},"end":{"line":112,"column":9}},{"start":{},"end":{}}],"line":96},"11":{"loc":{"start":{"line":105,"column":12},"end":{"line":108,"column":13}},"type":"if","locations":[{"start":{"line":105,"column":12},"end":{"line":108,"column":13}},{"start":{},"end":{}}],"line":105},"12":{"loc":{"start":{"line":105,"column":16},"end":{"line":105,"column":67}},"type":"binary-expr","locations":[{"start":{"line":105,"column":16},"end":{"line":105,"column":22}},{"start":{"line":105,"column":26},"end":{"line":105,"column":37}},{"start":{"line":105,"column":41},"end":{"line":105,"column":67}}],"line":105},"13":{"loc":{"start":{"line":115,"column":6},"end":{"line":139,"column":7}},"type":"if","locations":[{"start":{"line":115,"column":6},"end":{"line":139,"column":7}},{"start":{"line":132,"column":13},"end":{"line":139,"column":7}}],"line":115},"14":{"loc":{"start":{"line":115,"column":10},"end":{"line":115,"column":41}},"type":"binary-expr","locations":[{"start":{"line":115,"column":10},"end":{"line":115,"column":21}},{"start":{"line":115,"column":25},"end":{"line":115,"column":41}}],"line":115},"15":{"loc":{"start":{"line":128,"column":22},"end":{"line":128,"column":52}},"type":"binary-expr","locations":[{"start":{"line":128,"column":22},"end":{"line":128,"column":44}},{"start":{"line":128,"column":48},"end":{"line":128,"column":52}}],"line":128},"16":{"loc":{"start":{"line":164,"column":2},"end":{"line":167,"column":3}},"type":"if","locations":[{"start":{"line":164,"column":2},"end":{"line":167,"column":3}},{"start":{},"end":{}}],"line":164},"17":{"loc":{"start":{"line":164,"column":6},"end":{"line":164,"column":45}},"type":"binary-expr","locations":[{"start":{"line":164,"column":6},"end":{"line":164,"column":13}},{"start":{"line":164,"column":17},"end":{"line":164,"column":25}},{"start":{"line":164,"column":29},"end":{"line":164,"column":45}}],"line":164},"18":{"loc":{"start":{"line":170,"column":2},"end":{"line":173,"column":3}},"type":"if","locations":[{"start":{"line":170,"column":2},"end":{"line":173,"column":3}},{"start":{},"end":{}}],"line":170},"19":{"loc":{"start":{"line":170,"column":6},"end":{"line":170,"column":64}},"type":"binary-expr","locations":[{"start":{"line":170,"column":6},"end":{"line":170,"column":29}},{"start":{"line":170,"column":33},"end":{"line":170,"column":64}}],"line":170},"20":{"loc":{"start":{"line":186,"column":6},"end":{"line":215,"column":7}},"type":"if","locations":[{"start":{"line":186,"column":6},"end":{"line":215,"column":7}},{"start":{"line":213,"column":13},"end":{"line":215,"column":7}}],"line":186},"21":{"loc":{"start":{"line":191,"column":12},"end":{"line":194,"column":13}},"type":"if","locations":[{"start":{"line":191,"column":12},"end":{"line":194,"column":13}},{"start":{},"end":{}}],"line":191},"22":{"loc":{"start":{"line":191,"column":16},"end":{"line":191,"column":59}},"type":"binary-expr","locations":[{"start":{"line":191,"column":16},"end":{"line":191,"column":30}},{"start":{"line":191,"column":34},"end":{"line":191,"column":59}}],"line":191},"23":{"loc":{"start":{"line":218,"column":6},"end":{"line":256,"column":7}},"type":"if","locations":[{"start":{"line":218,"column":6},"end":{"line":256,"column":7}},{"start":{"line":254,"column":13},"end":{"line":256,"column":7}}],"line":218},"24":{"loc":{"start":{"line":223,"column":12},"end":{"line":226,"column":13}},"type":"if","locations":[{"start":{"line":223,"column":12},"end":{"line":226,"column":13}},{"start":{},"end":{}}],"line":223},"25":{"loc":{"start":{"line":223,"column":16},"end":{"line":223,"column":57}},"type":"binary-expr","locations":[{"start":{"line":223,"column":16},"end":{"line":223,"column":30}},{"start":{"line":223,"column":34},"end":{"line":223,"column":57}}],"line":223},"26":{"loc":{"start":{"line":233,"column":12},"end":{"line":236,"column":13}},"type":"if","locations":[{"start":{"line":233,"column":12},"end":{"line":236,"column":13}},{"start":{},"end":{}}],"line":233},"27":{"loc":{"start":{"line":293,"column":4},"end":{"line":298,"column":5}},"type":"if","locations":[{"start":{"line":293,"column":4},"end":{"line":298,"column":5}},{"start":{},"end":{}}],"line":293},"28":{"loc":{"start":{"line":337,"column":2},"end":{"line":342,"column":3}},"type":"if","locations":[{"start":{"line":337,"column":2},"end":{"line":342,"column":3}},{"start":{},"end":{}}],"line":337},"29":{"loc":{"start":{"line":337,"column":6},"end":{"line":337,"column":34}},"type":"binary-expr","locations":[{"start":{"line":337,"column":6},"end":{"line":337,"column":19}},{"start":{"line":337,"column":23},"end":{"line":337,"column":34}}],"line":337},"30":{"loc":{"start":{"line":387,"column":22},"end":{"line":387,"column":50}},"type":"binary-expr","locations":[{"start":{"line":387,"column":22},"end":{"line":387,"column":45}},{"start":{"line":387,"column":49},"end":{"line":387,"column":50}}],"line":387},"31":{"loc":{"start":{"line":388,"column":30},"end":{"line":388,"column":66}},"type":"binary-expr","locations":[{"start":{"line":388,"column":30},"end":{"line":388,"column":61}},{"start":{"line":388,"column":65},"end":{"line":388,"column":66}}],"line":388},"32":{"loc":{"start":{"line":389,"column":17},"end":{"line":389,"column":38}},"type":"binary-expr","locations":[{"start":{"line":389,"column":17},"end":{"line":389,"column":32}},{"start":{"line":389,"column":36},"end":{"line":389,"column":38}}],"line":389},"33":{"loc":{"start":{"line":399,"column":15},"end":{"line":399,"column":36}},"type":"binary-expr","locations":[{"start":{"line":399,"column":15},"end":{"line":399,"column":30}},{"start":{"line":399,"column":34},"end":{"line":399,"column":36}}],"line":399},"34":{"loc":{"start":{"line":427,"column":15},"end":{"line":427,"column":81}},"type":"cond-expr","locations":[{"start":{"line":427,"column":56},"end":{"line":427,"column":69}},{"start":{"line":427,"column":72},"end":{"line":427,"column":81}}],"line":427},"35":{"loc":{"start":{"line":437,"column":2},"end":{"line":442,"column":3}},"type":"if","locations":[{"start":{"line":437,"column":2},"end":{"line":442,"column":3}},{"start":{},"end":{}}],"line":437},"36":{"loc":{"start":{"line":437,"column":6},"end":{"line":437,"column":40}},"type":"binary-expr","locations":[{"start":{"line":437,"column":6},"end":{"line":437,"column":22}},{"start":{"line":437,"column":26},"end":{"line":437,"column":40}}],"line":437},"37":{"loc":{"start":{"line":464,"column":4},"end":{"line":469,"column":5}},"type":"if","locations":[{"start":{"line":464,"column":4},"end":{"line":469,"column":5}},{"start":{},"end":{}}],"line":464},"38":{"loc":{"start":{"line":480,"column":15},"end":{"line":480,"column":81}},"type":"cond-expr","locations":[{"start":{"line":480,"column":56},"end":{"line":480,"column":69}},{"start":{"line":480,"column":72},"end":{"line":480,"column":81}}],"line":480},"39":{"loc":{"start":{"line":492,"column":2},"end":{"line":497,"column":3}},"type":"if","locations":[{"start":{"line":492,"column":2},"end":{"line":497,"column":3}},{"start":{},"end":{}}],"line":492},"40":{"loc":{"start":{"line":492,"column":6},"end":{"line":492,"column":40}},"type":"binary-expr","locations":[{"start":{"line":492,"column":6},"end":{"line":492,"column":22}},{"start":{"line":492,"column":26},"end":{"line":492,"column":40}}],"line":492},"41":{"loc":{"start":{"line":505,"column":4},"end":{"line":510,"column":5}},"type":"if","locations":[{"start":{"line":505,"column":4},"end":{"line":510,"column":5}},{"start":{},"end":{}}],"line":505},"42":{"loc":{"start":{"line":545,"column":15},"end":{"line":545,"column":81}},"type":"cond-expr","locations":[{"start":{"line":545,"column":56},"end":{"line":545,"column":69}},{"start":{"line":545,"column":72},"end":{"line":545,"column":81}}],"line":545},"43":{"loc":{"start":{"line":557,"column":2},"end":{"line":562,"column":3}},"type":"if","locations":[{"start":{"line":557,"column":2},"end":{"line":562,"column":3}},{"start":{},"end":{}}],"line":557},"44":{"loc":{"start":{"line":557,"column":6},"end":{"line":557,"column":40}},"type":"binary-expr","locations":[{"start":{"line":557,"column":6},"end":{"line":557,"column":22}},{"start":{"line":557,"column":26},"end":{"line":557,"column":40}}],"line":557},"45":{"loc":{"start":{"line":570,"column":4},"end":{"line":575,"column":5}},"type":"if","locations":[{"start":{"line":570,"column":4},"end":{"line":575,"column":5}},{"start":{},"end":{}}],"line":570},"46":{"loc":{"start":{"line":610,"column":15},"end":{"line":610,"column":81}},"type":"cond-expr","locations":[{"start":{"line":610,"column":56},"end":{"line":610,"column":69}},{"start":{"line":610,"column":72},"end":{"line":610,"column":81}}],"line":610}},"s":{"0":1,"1":1,"2":1,"3":1,"4":1,"5":1,"6":1,"7":1,"8":7,"9":7,"10":7,"11":1,"12":6,"13":6,"14":72,"15":6,"16":1,"17":5,"18":1,"19":4,"20":4,"21":19,"22":1,"23":3,"24":3,"25":3,"26":9,"27":1,"28":2,"29":2,"30":1,"31":1,"32":1,"33":1,"34":1,"35":1,"36":0,"37":1,"38":1,"39":1,"40":1,"41":1,"42":1,"43":1,"44":1,"45":1,"46":1,"47":1,"48":1,"49":1,"50":1,"51":0,"52":1,"53":1,"54":3,"55":1,"56":1,"57":0,"58":0,"59":0,"60":0,"61":1,"62":0,"63":0,"64":0,"65":0,"66":0,"67":0,"68":0,"69":0,"70":0,"71":0,"72":0,"73":0,"74":0,"75":0,"76":0,"77":0,"78":0,"79":0,"80":0,"81":0,"82":0,"83":0,"84":0,"85":0,"86":0,"87":0,"88":0,"89":0,"90":0,"91":0,"92":0,"93":0,"94":0,"95":0,"96":0,"97":0,"98":0,"99":0,"100":0,"101":0,"102":0,"103":0,"104":0,"105":0,"106":0,"107":0,"108":1,"109":0,"110":0,"111":0,"112":0,"113":0,"114":0,"115":0,"116":0,"117":1,"118":0,"119":0,"120":0,"121":0,"122":0,"123":1,"124":0,"125":0,"126":0,"127":0,"128":0,"129":0,"130":0,"131":0,"132":0,"133":0,"134":0,"135":0,"136":0,"137":0,"138":0,"139":0,"140":0,"141":0,"142":0,"143":1,"144":0,"145":0,"146":0,"147":0,"148":0,"149":0,"150":0,"151":0,"152":0,"153":0,"154":1,"155":0,"156":0,"157":0,"158":0,"159":0,"160":0,"161":0,"162":0,"163":0,"164":0,"165":0,"166":0,"167":0,"168":0,"169":0,"170":0,"171":0,"172":0,"173":0,"174":0,"175":1,"176":0,"177":0,"178":0,"179":0,"180":0,"181":0,"182":0,"183":0,"184":0,"185":0,"186":0,"187":0,"188":0,"189":0,"190":0,"191":0,"192":0,"193":0,"194":0,"195":0,"196":1},"f":{"0":7,"1":72,"2":1,"3":3,"4":0,"5":0,"6":0,"7":0,"8":0,"9":0,"10":0,"11":0,"12":0,"13":0,"14":0,"15":0,"16":0,"17":0,"18":0,"19":0,"20":0},"b":{"0":[1,6],"1":[7,7],"2":[1,5],"3":[1,4],"4":[1,18],"5":[1,8],"6":[1,1],"7":[2,1,1],"8":[0,1],"9":[1,1],"10":[1,0],"11":[1,0],"12":[1,1,1],"13":[1,0],"14":[1,1],"15":[1,0],"16":[0,0],"17":[0,0,0],"18":[0,0],"19":[0,0],"20":[0,0],"21":[0,0],"22":[0,0],"23":[0,0],"24":[0,0],"25":[0,0],"26":[0,0],"27":[0,0],"28":[0,0],"29":[0,0],"30":[0,0],"31":[0,0],"32":[0,0],"33":[0,0],"34":[0,0],"35":[0,0],"36":[0,0],"37":[0,0],"38":[0,0],"39":[0,0],"40":[0,0],"41":[0,0],"42":[0,0],"43":[0,0],"44":[0,0],"45":[0,0],"46":[0,0]},"_coverageSchema":"1a1c01bbd47fc00a2c39e90264f33305004495a9","hash":"4351264674436e4c93746fa7bb910a3832ece484"}
}
