TN:
SF:middleware\verifyToken.js
FN:4,(anonymous_0)
FNF:1
FNH:1
FNDA:5,(anonymous_0)
DA:1,2
DA:2,2
DA:4,2
DA:5,5
DA:7,5
DA:8,2
DA:11,3
DA:12,3
DA:13,1
DA:14,1
DA:16,2
DA:20,2
LF:12
LH:12
BRDA:7,0,0,2
BRDA:7,0,1,3
BRF:2
BRH:2
end_of_record
TN:
SF:routes\predict.js
FN:9,(anonymous_0)
FN:35,(anonymous_1)
FN:81,(anonymous_2)
FN:117,(anonymous_3)
FN:141,(anonymous_4)
FN:152,(anonymous_5)
FN:176,(anonymous_6)
FN:190,(anonymous_7)
FN:222,(anonymous_8)
FN:280,(anonymous_9)
FN:313,(anonymous_10)
FN:331,(anonymous_11)
FN:382,(anonymous_12)
FN:394,(anonymous_13)
FN:400,(anonymous_14)
FN:411,(anonymous_15)
FN:434,(anonymous_16)
FN:487,(anonymous_17)
FN:514,(anonymous_18)
FN:552,(anonymous_19)
FN:579,(anonymous_20)
FNF:21
FNH:4
FNDA:7,(anonymous_0)
FNDA:72,(anonymous_1)
FNDA:1,(anonymous_2)
FNDA:3,(anonymous_3)
FNDA:0,(anonymous_4)
FNDA:0,(anonymous_5)
FNDA:0,(anonymous_6)
FNDA:0,(anonymous_7)
FNDA:0,(anonymous_8)
FNDA:0,(anonymous_9)
FNDA:0,(anonymous_10)
FNDA:0,(anonymous_11)
FNDA:0,(anonymous_12)
FNDA:0,(anonymous_13)
FNDA:0,(anonymous_14)
FNDA:0,(anonymous_15)
FNDA:0,(anonymous_16)
FNDA:0,(anonymous_17)
FNDA:0,(anonymous_18)
FNDA:0,(anonymous_19)
FNDA:0,(anonymous_20)
DA:1,1
DA:2,1
DA:3,1
DA:4,1
DA:5,1
DA:6,1
DA:7,1
DA:9,1
DA:10,7
DA:12,7
DA:15,7
DA:16,1
DA:20,6
DA:35,72
DA:36,6
DA:37,1
DA:44,5
DA:45,1
DA:49,4
DA:50,4
DA:51,19
DA:52,1
DA:57,3
DA:58,3
DA:59,3
DA:60,9
DA:61,1
DA:66,2
DA:67,2
DA:68,1
DA:71,1
DA:78,1
DA:80,1
DA:82,1
DA:84,1
DA:85,0
DA:89,1
DA:92,1
DA:93,1
DA:94,1
DA:96,1
DA:97,1
DA:99,1
DA:100,1
DA:102,1
DA:103,1
DA:105,1
DA:106,1
DA:107,1
DA:110,0
DA:115,1
DA:117,3
DA:122,1
DA:125,1
DA:133,0
DA:134,0
DA:142,0
DA:143,0
DA:152,1
DA:153,0
DA:155,0
DA:161,0
DA:162,0
DA:164,0
DA:165,0
DA:166,0
DA:170,0
DA:171,0
DA:172,0
DA:175,0
DA:176,0
DA:178,0
DA:183,0
DA:186,0
DA:187,0
DA:189,0
DA:191,0
DA:192,0
DA:193,0
DA:196,0
DA:198,0
DA:207,0
DA:208,0
DA:212,0
DA:214,0
DA:218,0
DA:219,0
DA:221,0
DA:223,0
DA:224,0
DA:225,0
DA:228,0
DA:233,0
DA:234,0
DA:235,0
DA:238,0
DA:240,0
DA:249,0
DA:253,0
DA:255,0
DA:258,0
DA:261,0
DA:263,0
DA:270,0
DA:271,0
DA:280,1
DA:281,0
DA:283,0
DA:284,0
DA:293,0
DA:294,0
DA:300,0
DA:305,0
DA:306,0
DA:313,1
DA:314,0
DA:315,0
DA:318,0
DA:323,0
DA:324,0
DA:331,1
DA:332,0
DA:334,0
DA:337,0
DA:338,0
DA:344,0
DA:346,0
DA:349,0
DA:351,0
DA:379,0
DA:382,0
DA:383,0
DA:394,0
DA:400,0
DA:411,0
DA:417,0
DA:424,0
DA:425,0
DA:434,1
DA:435,0
DA:437,0
DA:438,0
DA:444,0
DA:445,0
DA:464,0
DA:465,0
DA:471,0
DA:477,0
DA:478,0
DA:487,1
DA:488,0
DA:490,0
DA:492,0
DA:493,0
DA:499,0
DA:501,0
DA:505,0
DA:506,0
DA:512,0
DA:514,0
DA:516,0
DA:519,0
DA:522,0
DA:525,0
DA:528,0
DA:531,0
DA:534,0
DA:536,0
DA:542,0
DA:543,0
DA:552,1
DA:553,0
DA:555,0
DA:557,0
DA:558,0
DA:564,0
DA:566,0
DA:570,0
DA:571,0
DA:577,0
DA:579,0
DA:581,0
DA:584,0
DA:587,0
DA:590,0
DA:593,0
DA:596,0
DA:599,0
DA:601,0
DA:607,0
DA:608,0
DA:616,1
LF:192
LH:60
BRDA:15,0,0,1
BRDA:15,0,1,6
BRDA:15,1,0,7
BRDA:15,1,1,7
BRDA:36,2,0,1
BRDA:36,2,1,5
BRDA:44,3,0,1
BRDA:44,3,1,4
BRDA:51,4,0,1
BRDA:51,4,1,18
BRDA:60,5,0,1
BRDA:60,5,1,8
BRDA:67,6,0,1
BRDA:67,6,1,1
BRDA:67,7,0,2
BRDA:67,7,1,1
BRDA:67,7,2,1
BRDA:84,8,0,0
BRDA:84,8,1,1
BRDA:84,9,0,1
BRDA:84,9,1,1
BRDA:96,10,0,1
BRDA:96,10,1,0
BRDA:105,11,0,1
BRDA:105,11,1,0
BRDA:105,12,0,1
BRDA:105,12,1,1
BRDA:105,12,2,1
BRDA:115,13,0,1
BRDA:115,13,1,0
BRDA:115,14,0,1
BRDA:115,14,1,1
BRDA:128,15,0,1
BRDA:128,15,1,0
BRDA:164,16,0,0
BRDA:164,16,1,0
BRDA:164,17,0,0
BRDA:164,17,1,0
BRDA:164,17,2,0
BRDA:170,18,0,0
BRDA:170,18,1,0
BRDA:170,19,0,0
BRDA:170,19,1,0
BRDA:186,20,0,0
BRDA:186,20,1,0
BRDA:191,21,0,0
BRDA:191,21,1,0
BRDA:191,22,0,0
BRDA:191,22,1,0
BRDA:218,23,0,0
BRDA:218,23,1,0
BRDA:223,24,0,0
BRDA:223,24,1,0
BRDA:223,25,0,0
BRDA:223,25,1,0
BRDA:233,26,0,0
BRDA:233,26,1,0
BRDA:293,27,0,0
BRDA:293,27,1,0
BRDA:337,28,0,0
BRDA:337,28,1,0
BRDA:337,29,0,0
BRDA:337,29,1,0
BRDA:387,30,0,0
BRDA:387,30,1,0
BRDA:388,31,0,0
BRDA:388,31,1,0
BRDA:389,32,0,0
BRDA:389,32,1,0
BRDA:399,33,0,0
BRDA:399,33,1,0
BRDA:427,34,0,0
BRDA:427,34,1,0
BRDA:437,35,0,0
BRDA:437,35,1,0
BRDA:437,36,0,0
BRDA:437,36,1,0
BRDA:464,37,0,0
BRDA:464,37,1,0
BRDA:480,38,0,0
BRDA:480,38,1,0
BRDA:492,39,0,0
BRDA:492,39,1,0
BRDA:492,40,0,0
BRDA:492,40,1,0
BRDA:505,41,0,0
BRDA:505,41,1,0
BRDA:545,42,0,0
BRDA:545,42,1,0
BRDA:557,43,0,0
BRDA:557,43,1,0
BRDA:557,44,0,0
BRDA:557,44,1,0
BRDA:570,45,0,0
BRDA:570,45,1,0
BRDA:610,46,0,0
BRDA:610,46,1,0
BRF:97
BRH:29
end_of_record
